#
# There is insufficient memory for the Java Runtime Environment to continue.
# Native memory allocation (malloc) failed to allocate 32744 bytes for ChunkPool::allocate
# Possible reasons:
#   The system is out of physical RAM or swap space
#   The process is running with CompressedOops enabled, and the Java Heap may be blocking the growth of the native heap
# Possible solutions:
#   Reduce memory load on the system
#   Increase physical memory or swap space
#   Check if swap backing store is full
#   Decrease Java heap size (-Xmx/-Xms)
#   Decrease number of Java threads
#   Decrease Java thread stack sizes (-Xss)
#   Set larger code cache with -XX:ReservedCodeCacheSize=
#   JVM is running with Unscaled Compressed Oops mode in which the Java heap is
#     placed in the first 4GB address space. The Java Heap base address is the
#     maximum limit for the native heap growth. Please use -XX:HeapBaseMinAddress
#     to set the Java Heap base and to place the Java Heap above 4GB virtual address.
# This output file may be truncated or incomplete.
#
#  Out of Memory Error (./open/src/hotspot/share/memory/arena.cpp:81), pid=26676, tid=16288
#
# JRE version: Java(TM) SE Runtime Environment 18.9 (11.0.8+10) (build 11.0.8+10-LTS)
# Java VM: Java HotSpot(TM) 64-Bit Server VM 18.9 (11.0.8+10-LTS, mixed mode, tiered, compressed oops, g1 gc, windows-amd64)
# No core dump will be written. Minidumps are not enabled by default on client versions of Windows
#

---------------  S U M M A R Y ------------

Command Line: -Dfile.encoding=Cp1252 fenetre

Host: Intel(R) Core(TM) i7-8650U CPU @ 1.90GHz, 8 cores, 7G,  Windows 10 , 64 bit Build 18362 (10.0.18362.1082)
Time: Mon Dec 14 14:25:07 2020 Maroc (heure d?été) elapsed time: 404 seconds (0d 0h 6m 44s)

---------------  T H R E A D  ---------------

Current thread (0x000001aa378a5000):  JavaThread "C2 CompilerThread0" daemon [_thread_in_native, id=16288, stack(0x0000000436400000,0x0000000436500000)]


Current CompileTask:
C2: 407520 1098       4       java.util.Arrays::binarySearch0 (95 bytes)

Stack: [0x0000000436400000,0x0000000436500000]
Native frames: (J=compiled Java code, j=interpreted, Vv=VM code, C=native code)
V  [jvm.dll+0x601aea]
V  [jvm.dll+0x737fef]
V  [jvm.dll+0x739675]
V  [jvm.dll+0x739cf3]
V  [jvm.dll+0x242848]
V  [jvm.dll+0xb9bcb]
V  [jvm.dll+0xb9f2c]
V  [jvm.dll+0x5a6f9f]
V  [jvm.dll+0x327895]
V  [jvm.dll+0xff1be]
V  [jvm.dll+0x2ccf28]
V  [jvm.dll+0xff03c]
V  [jvm.dll+0x3223d7]
V  [jvm.dll+0x621596]
V  [jvm.dll+0x621276]
V  [jvm.dll+0x61c45a]
V  [jvm.dll+0x6160df]
V  [jvm.dll+0x61571e]
V  [jvm.dll+0x61358e]
V  [jvm.dll+0x1809cc]
V  [jvm.dll+0x181559]
V  [jvm.dll+0x2b1f46]
V  [jvm.dll+0x61e368]
V  [jvm.dll+0x6160df]
V  [jvm.dll+0x61571e]
V  [jvm.dll+0x61358e]
V  [jvm.dll+0x1809cc]
V  [jvm.dll+0x1fb131]
V  [jvm.dll+0x17e0fc]
V  [jvm.dll+0x20aaa4]
V  [jvm.dll+0x208b7b]
V  [jvm.dll+0x6ff90c]
V  [jvm.dll+0x6f845c]
V  [jvm.dll+0x600d66]
C  [ucrtbase.dll+0x20e82]
C  [KERNEL32.DLL+0x17bd4]
C  [ntdll.dll+0x6ce51]


---------------  P R O C E S S  ---------------

Threads class SMR info:
_java_thread_list=0x000001aa38872300, length=14, elements={
0x000001aa37899800, 0x000001aa3789a000, 0x000001aa378a1800, 0x000001aa378a3000,
0x000001aa378a5000, 0x000001aa378a7800, 0x000001aa378ae000, 0x000001aa38384800,
0x000001aa38394000, 0x000001aa386c0000, 0x000001aa38698000, 0x000001aa386ad000,
0x000001aa387cf800, 0x000001aa18c2a000
}

Java Threads: ( => current thread )
  0x000001aa37899800 JavaThread "Reference Handler" daemon [_thread_blocked, id=22364, stack(0x0000000436000000,0x0000000436100000)]
  0x000001aa3789a000 JavaThread "Finalizer" daemon [_thread_blocked, id=26180, stack(0x0000000436100000,0x0000000436200000)]
  0x000001aa378a1800 JavaThread "Signal Dispatcher" daemon [_thread_blocked, id=10516, stack(0x0000000436200000,0x0000000436300000)]
  0x000001aa378a3000 JavaThread "Attach Listener" daemon [_thread_blocked, id=20748, stack(0x0000000436300000,0x0000000436400000)]
=>0x000001aa378a5000 JavaThread "C2 CompilerThread0" daemon [_thread_in_native, id=16288, stack(0x0000000436400000,0x0000000436500000)]
  0x000001aa378a7800 JavaThread "C1 CompilerThread0" daemon [_thread_blocked, id=16924, stack(0x0000000436500000,0x0000000436600000)]
  0x000001aa378ae000 JavaThread "Sweeper thread" daemon [_thread_blocked, id=22928, stack(0x0000000436600000,0x0000000436700000)]
  0x000001aa38384800 JavaThread "Service Thread" daemon [_thread_blocked, id=25076, stack(0x0000000436700000,0x0000000436800000)]
  0x000001aa38394000 JavaThread "Common-Cleaner" daemon [_thread_blocked, id=11680, stack(0x0000000436900000,0x0000000436a00000)]
  0x000001aa386c0000 JavaThread "Java2D Disposer" daemon [_thread_blocked, id=7336, stack(0x0000000436a00000,0x0000000436b00000)]
  0x000001aa38698000 JavaThread "AWT-Shutdown" [_thread_blocked, id=9196, stack(0x0000000436b00000,0x0000000436c00000)]
  0x000001aa386ad000 JavaThread "AWT-Windows" daemon [_thread_in_native, id=10844, stack(0x0000000436c00000,0x0000000436d00000)]
  0x000001aa387cf800 JavaThread "AWT-EventQueue-0" [_thread_blocked, id=25892, stack(0x0000000436e00000,0x0000000436f00000)]
  0x000001aa18c2a000 JavaThread "DestroyJavaVM" [_thread_blocked, id=23100, stack(0x0000000435900000,0x0000000435a00000)]

Other Threads:
  0x000001aa37864800 VMThread "VM Thread" [stack: 0x0000000435f00000,0x0000000436000000] [id=7352]
  0x000001aa38393000 WatcherThread [stack: 0x0000000436800000,0x0000000436900000] [id=14008]
  0x000001aa18c3e000 GCTaskThread "GC Thread#0" [stack: 0x0000000435a00000,0x0000000435b00000] [id=24512]
  0x000001aa18c72800 ConcurrentGCThread "G1 Main Marker" [stack: 0x0000000435b00000,0x0000000435c00000] [id=28068]
  0x000001aa18c74800 ConcurrentGCThread "G1 Conc#0" [stack: 0x0000000435c00000,0x0000000435d00000] [id=3672]
  0x000001aa376d0800 ConcurrentGCThread "G1 Refine#0" [stack: 0x0000000435d00000,0x0000000435e00000] [id=16908]
  0x000001aa376d1800 ConcurrentGCThread "G1 Young RemSet Sampling" [stack: 0x0000000435e00000,0x0000000435f00000] [id=25040]

Threads with active compile tasks:
C2 CompilerThread0 419917 1098       4       java.util.Arrays::binarySearch0 (95 bytes)

VM state:not at safepoint (normal execution)

VM Mutex/Monitor currently owned by a thread: None

Heap address: 0x0000000082200000, size: 2014 MB, Compressed Oops mode: 32-bit
Narrow klass base: 0x0000000000000000, Narrow klass shift: 3
Compressed class space size: 1073741824 Address: 0x0000000100000000

Heap:
 garbage-first heap   total 129024K, used 12288K [0x0000000082200000, 0x0000000100000000)
  region size 1024K, 12 young (12288K), 0 survivors (0K)
 Metaspace       used 14820K, capacity 15225K, committed 15488K, reserved 1062912K
  class space    used 1607K, capacity 1814K, committed 1920K, reserved 1048576K
Heap Regions: E=young(eden), S=young(survivor), O=old, HS=humongous(starts), HC=humongous(continues), CS=collection set, F=free, A=archive, TAMS=top-at-mark-start (previous, next)
|   0|0x0000000082200000, 0x0000000082300000, 0x0000000082300000|100%|HS|  |TAMS 0x0000000082200000, 0x0000000082200000| Complete 
|   1|0x0000000082300000, 0x0000000082300000, 0x0000000082400000|  0%| F|  |TAMS 0x0000000082300000, 0x0000000082300000| Untracked 
|   2|0x0000000082400000, 0x0000000082400000, 0x0000000082500000|  0%| F|  |TAMS 0x0000000082400000, 0x0000000082400000| Untracked 
|   3|0x0000000082500000, 0x0000000082500000, 0x0000000082600000|  0%| F|  |TAMS 0x0000000082500000, 0x0000000082500000| Untracked 
|   4|0x0000000082600000, 0x0000000082600000, 0x0000000082700000|  0%| F|  |TAMS 0x0000000082600000, 0x0000000082600000| Untracked 
|   5|0x0000000082700000, 0x0000000082700000, 0x0000000082800000|  0%| F|  |TAMS 0x0000000082700000, 0x0000000082700000| Untracked 
|   6|0x0000000082800000, 0x0000000082800000, 0x0000000082900000|  0%| F|  |TAMS 0x0000000082800000, 0x0000000082800000| Untracked 
|   7|0x0000000082900000, 0x0000000082900000, 0x0000000082a00000|  0%| F|  |TAMS 0x0000000082900000, 0x0000000082900000| Untracked 
|   8|0x0000000082a00000, 0x0000000082a00000, 0x0000000082b00000|  0%| F|  |TAMS 0x0000000082a00000, 0x0000000082a00000| Untracked 
|   9|0x0000000082b00000, 0x0000000082b00000, 0x0000000082c00000|  0%| F|  |TAMS 0x0000000082b00000, 0x0000000082b00000| Untracked 
|  10|0x0000000082c00000, 0x0000000082c00000, 0x0000000082d00000|  0%| F|  |TAMS 0x0000000082c00000, 0x0000000082c00000| Untracked 
|  11|0x0000000082d00000, 0x0000000082d00000, 0x0000000082e00000|  0%| F|  |TAMS 0x0000000082d00000, 0x0000000082d00000| Untracked 
|  12|0x0000000082e00000, 0x0000000082e00000, 0x0000000082f00000|  0%| F|  |TAMS 0x0000000082e00000, 0x0000000082e00000| Untracked 
|  13|0x0000000082f00000, 0x0000000082f00000, 0x0000000083000000|  0%| F|  |TAMS 0x0000000082f00000, 0x0000000082f00000| Untracked 
|  14|0x0000000083000000, 0x0000000083000000, 0x0000000083100000|  0%| F|  |TAMS 0x0000000083000000, 0x0000000083000000| Untracked 
|  15|0x0000000083100000, 0x0000000083100000, 0x0000000083200000|  0%| F|  |TAMS 0x0000000083100000, 0x0000000083100000| Untracked 
|  16|0x0000000083200000, 0x0000000083200000, 0x0000000083300000|  0%| F|  |TAMS 0x0000000083200000, 0x0000000083200000| Untracked 
|  17|0x0000000083300000, 0x0000000083300000, 0x0000000083400000|  0%| F|  |TAMS 0x0000000083300000, 0x0000000083300000| Untracked 
|  18|0x0000000083400000, 0x0000000083400000, 0x0000000083500000|  0%| F|  |TAMS 0x0000000083400000, 0x0000000083400000| Untracked 
|  19|0x0000000083500000, 0x0000000083500000, 0x0000000083600000|  0%| F|  |TAMS 0x0000000083500000, 0x0000000083500000| Untracked 
|  20|0x0000000083600000, 0x0000000083600000, 0x0000000083700000|  0%| F|  |TAMS 0x0000000083600000, 0x0000000083600000| Untracked 
|  21|0x0000000083700000, 0x0000000083700000, 0x0000000083800000|  0%| F|  |TAMS 0x0000000083700000, 0x0000000083700000| Untracked 
|  22|0x0000000083800000, 0x0000000083800000, 0x0000000083900000|  0%| F|  |TAMS 0x0000000083800000, 0x0000000083800000| Untracked 
|  23|0x0000000083900000, 0x0000000083900000, 0x0000000083a00000|  0%| F|  |TAMS 0x0000000083900000, 0x0000000083900000| Untracked 
|  24|0x0000000083a00000, 0x0000000083a00000, 0x0000000083b00000|  0%| F|  |TAMS 0x0000000083a00000, 0x0000000083a00000| Untracked 
|  25|0x0000000083b00000, 0x0000000083b00000, 0x0000000083c00000|  0%| F|  |TAMS 0x0000000083b00000, 0x0000000083b00000| Untracked 
|  26|0x0000000083c00000, 0x0000000083c00000, 0x0000000083d00000|  0%| F|  |TAMS 0x0000000083c00000, 0x0000000083c00000| Untracked 
|  27|0x0000000083d00000, 0x0000000083d00000, 0x0000000083e00000|  0%| F|  |TAMS 0x0000000083d00000, 0x0000000083d00000| Untracked 
|  28|0x0000000083e00000, 0x0000000083e00000, 0x0000000083f00000|  0%| F|  |TAMS 0x0000000083e00000, 0x0000000083e00000| Untracked 
|  29|0x0000000083f00000, 0x0000000083f00000, 0x0000000084000000|  0%| F|  |TAMS 0x0000000083f00000, 0x0000000083f00000| Untracked 
|  30|0x0000000084000000, 0x0000000084000000, 0x0000000084100000|  0%| F|  |TAMS 0x0000000084000000, 0x0000000084000000| Untracked 
|  31|0x0000000084100000, 0x0000000084100000, 0x0000000084200000|  0%| F|  |TAMS 0x0000000084100000, 0x0000000084100000| Untracked 
|  32|0x0000000084200000, 0x0000000084200000, 0x0000000084300000|  0%| F|  |TAMS 0x0000000084200000, 0x0000000084200000| Untracked 
|  33|0x0000000084300000, 0x0000000084300000, 0x0000000084400000|  0%| F|  |TAMS 0x0000000084300000, 0x0000000084300000| Untracked 
|  34|0x0000000084400000, 0x0000000084400000, 0x0000000084500000|  0%| F|  |TAMS 0x0000000084400000, 0x0000000084400000| Untracked 
|  35|0x0000000084500000, 0x0000000084500000, 0x0000000084600000|  0%| F|  |TAMS 0x0000000084500000, 0x0000000084500000| Untracked 
|  36|0x0000000084600000, 0x0000000084600000, 0x0000000084700000|  0%| F|  |TAMS 0x0000000084600000, 0x0000000084600000| Untracked 
|  37|0x0000000084700000, 0x0000000084700000, 0x0000000084800000|  0%| F|  |TAMS 0x0000000084700000, 0x0000000084700000| Untracked 
|  38|0x0000000084800000, 0x0000000084800000, 0x0000000084900000|  0%| F|  |TAMS 0x0000000084800000, 0x0000000084800000| Untracked 
|  39|0x0000000084900000, 0x0000000084900000, 0x0000000084a00000|  0%| F|  |TAMS 0x0000000084900000, 0x0000000084900000| Untracked 
|  40|0x0000000084a00000, 0x0000000084a00000, 0x0000000084b00000|  0%| F|  |TAMS 0x0000000084a00000, 0x0000000084a00000| Untracked 
|  41|0x0000000084b00000, 0x0000000084b00000, 0x0000000084c00000|  0%| F|  |TAMS 0x0000000084b00000, 0x0000000084b00000| Untracked 
|  42|0x0000000084c00000, 0x0000000084c00000, 0x0000000084d00000|  0%| F|  |TAMS 0x0000000084c00000, 0x0000000084c00000| Untracked 
|  43|0x0000000084d00000, 0x0000000084d00000, 0x0000000084e00000|  0%| F|  |TAMS 0x0000000084d00000, 0x0000000084d00000| Untracked 
|  44|0x0000000084e00000, 0x0000000084e00000, 0x0000000084f00000|  0%| F|  |TAMS 0x0000000084e00000, 0x0000000084e00000| Untracked 
|  45|0x0000000084f00000, 0x0000000084f00000, 0x0000000085000000|  0%| F|  |TAMS 0x0000000084f00000, 0x0000000084f00000| Untracked 
|  46|0x0000000085000000, 0x0000000085000000, 0x0000000085100000|  0%| F|  |TAMS 0x0000000085000000, 0x0000000085000000| Untracked 
|  47|0x0000000085100000, 0x0000000085100000, 0x0000000085200000|  0%| F|  |TAMS 0x0000000085100000, 0x0000000085100000| Untracked 
|  48|0x0000000085200000, 0x0000000085200000, 0x0000000085300000|  0%| F|  |TAMS 0x0000000085200000, 0x0000000085200000| Untracked 
|  49|0x0000000085300000, 0x0000000085300000, 0x0000000085400000|  0%| F|  |TAMS 0x0000000085300000, 0x0000000085300000| Untracked 
|  50|0x0000000085400000, 0x0000000085400000, 0x0000000085500000|  0%| F|  |TAMS 0x0000000085400000, 0x0000000085400000| Untracked 
|  51|0x0000000085500000, 0x0000000085500000, 0x0000000085600000|  0%| F|  |TAMS 0x0000000085500000, 0x0000000085500000| Untracked 
|  52|0x0000000085600000, 0x0000000085600000, 0x0000000085700000|  0%| F|  |TAMS 0x0000000085600000, 0x0000000085600000| Untracked 
|  53|0x0000000085700000, 0x0000000085700000, 0x0000000085800000|  0%| F|  |TAMS 0x0000000085700000, 0x0000000085700000| Untracked 
|  54|0x0000000085800000, 0x0000000085800000, 0x0000000085900000|  0%| F|  |TAMS 0x0000000085800000, 0x0000000085800000| Untracked 
|  55|0x0000000085900000, 0x0000000085900000, 0x0000000085a00000|  0%| F|  |TAMS 0x0000000085900000, 0x0000000085900000| Untracked 
|  56|0x0000000085a00000, 0x0000000085a00000, 0x0000000085b00000|  0%| F|  |TAMS 0x0000000085a00000, 0x0000000085a00000| Untracked 
|  57|0x0000000085b00000, 0x0000000085b00000, 0x0000000085c00000|  0%| F|  |TAMS 0x0000000085b00000, 0x0000000085b00000| Untracked 
|  58|0x0000000085c00000, 0x0000000085c00000, 0x0000000085d00000|  0%| F|  |TAMS 0x0000000085c00000, 0x0000000085c00000| Untracked 
|  59|0x0000000085d00000, 0x0000000085d00000, 0x0000000085e00000|  0%| F|  |TAMS 0x0000000085d00000, 0x0000000085d00000| Untracked 
|  60|0x0000000085e00000, 0x0000000085e00000, 0x0000000085f00000|  0%| F|  |TAMS 0x0000000085e00000, 0x0000000085e00000| Untracked 
|  61|0x0000000085f00000, 0x0000000085f00000, 0x0000000086000000|  0%| F|  |TAMS 0x0000000085f00000, 0x0000000085f00000| Untracked 
|  62|0x0000000086000000, 0x0000000086000000, 0x0000000086100000|  0%| F|  |TAMS 0x0000000086000000, 0x0000000086000000| Untracked 
|  63|0x0000000086100000, 0x0000000086100000, 0x0000000086200000|  0%| F|  |TAMS 0x0000000086100000, 0x0000000086100000| Untracked 
|  64|0x0000000086200000, 0x0000000086200000, 0x0000000086300000|  0%| F|  |TAMS 0x0000000086200000, 0x0000000086200000| Untracked 
|  65|0x0000000086300000, 0x0000000086300000, 0x0000000086400000|  0%| F|  |TAMS 0x0000000086300000, 0x0000000086300000| Untracked 
|  66|0x0000000086400000, 0x0000000086400000, 0x0000000086500000|  0%| F|  |TAMS 0x0000000086400000, 0x0000000086400000| Untracked 
|  67|0x0000000086500000, 0x0000000086500000, 0x0000000086600000|  0%| F|  |TAMS 0x0000000086500000, 0x0000000086500000| Untracked 
|  68|0x0000000086600000, 0x0000000086600000, 0x0000000086700000|  0%| F|  |TAMS 0x0000000086600000, 0x0000000086600000| Untracked 
|  69|0x0000000086700000, 0x0000000086700000, 0x0000000086800000|  0%| F|  |TAMS 0x0000000086700000, 0x0000000086700000| Untracked 
|  70|0x0000000086800000, 0x0000000086800000, 0x0000000086900000|  0%| F|  |TAMS 0x0000000086800000, 0x0000000086800000| Untracked 
|  71|0x0000000086900000, 0x0000000086900000, 0x0000000086a00000|  0%| F|  |TAMS 0x0000000086900000, 0x0000000086900000| Untracked 
|  72|0x0000000086a00000, 0x0000000086a00000, 0x0000000086b00000|  0%| F|  |TAMS 0x0000000086a00000, 0x0000000086a00000| Untracked 
|  73|0x0000000086b00000, 0x0000000086b00000, 0x0000000086c00000|  0%| F|  |TAMS 0x0000000086b00000, 0x0000000086b00000| Untracked 
|  74|0x0000000086c00000, 0x0000000086c00000, 0x0000000086d00000|  0%| F|  |TAMS 0x0000000086c00000, 0x0000000086c00000| Untracked 
|  75|0x0000000086d00000, 0x0000000086d00000, 0x0000000086e00000|  0%| F|  |TAMS 0x0000000086d00000, 0x0000000086d00000| Untracked 
|  76|0x0000000086e00000, 0x0000000086e00000, 0x0000000086f00000|  0%| F|  |TAMS 0x0000000086e00000, 0x0000000086e00000| Untracked 
|  77|0x0000000086f00000, 0x0000000086f00000, 0x0000000087000000|  0%| F|  |TAMS 0x0000000086f00000, 0x0000000086f00000| Untracked 
|  78|0x0000000087000000, 0x0000000087000000, 0x0000000087100000|  0%| F|  |TAMS 0x0000000087000000, 0x0000000087000000| Untracked 
|  79|0x0000000087100000, 0x0000000087100000, 0x0000000087200000|  0%| F|  |TAMS 0x0000000087100000, 0x0000000087100000| Untracked 
|  80|0x0000000087200000, 0x0000000087200000, 0x0000000087300000|  0%| F|  |TAMS 0x0000000087200000, 0x0000000087200000| Untracked 
|  81|0x0000000087300000, 0x0000000087300000, 0x0000000087400000|  0%| F|  |TAMS 0x0000000087300000, 0x0000000087300000| Untracked 
|  82|0x0000000087400000, 0x0000000087400000, 0x0000000087500000|  0%| F|  |TAMS 0x0000000087400000, 0x0000000087400000| Untracked 
|  83|0x0000000087500000, 0x0000000087500000, 0x0000000087600000|  0%| F|  |TAMS 0x0000000087500000, 0x0000000087500000| Untracked 
|  84|0x0000000087600000, 0x0000000087600000, 0x0000000087700000|  0%| F|  |TAMS 0x0000000087600000, 0x0000000087600000| Untracked 
|  85|0x0000000087700000, 0x0000000087700000, 0x0000000087800000|  0%| F|  |TAMS 0x0000000087700000, 0x0000000087700000| Untracked 
|  86|0x0000000087800000, 0x0000000087800000, 0x0000000087900000|  0%| F|  |TAMS 0x0000000087800000, 0x0000000087800000| Untracked 
|  87|0x0000000087900000, 0x0000000087900000, 0x0000000087a00000|  0%| F|  |TAMS 0x0000000087900000, 0x0000000087900000| Untracked 
|  88|0x0000000087a00000, 0x0000000087a00000, 0x0000000087b00000|  0%| F|  |TAMS 0x0000000087a00000, 0x0000000087a00000| Untracked 
|  89|0x0000000087b00000, 0x0000000087b00000, 0x0000000087c00000|  0%| F|  |TAMS 0x0000000087b00000, 0x0000000087b00000| Untracked 
|  90|0x0000000087c00000, 0x0000000087c00000, 0x0000000087d00000|  0%| F|  |TAMS 0x0000000087c00000, 0x0000000087c00000| Untracked 
|  91|0x0000000087d00000, 0x0000000087d00000, 0x0000000087e00000|  0%| F|  |TAMS 0x0000000087d00000, 0x0000000087d00000| Untracked 
|  92|0x0000000087e00000, 0x0000000087e00000, 0x0000000087f00000|  0%| F|  |TAMS 0x0000000087e00000, 0x0000000087e00000| Untracked 
|  93|0x0000000087f00000, 0x0000000087f00000, 0x0000000088000000|  0%| F|  |TAMS 0x0000000087f00000, 0x0000000087f00000| Untracked 
|  94|0x0000000088000000, 0x0000000088000000, 0x0000000088100000|  0%| F|  |TAMS 0x0000000088000000, 0x0000000088000000| Untracked 
|  95|0x0000000088100000, 0x0000000088100000, 0x0000000088200000|  0%| F|  |TAMS 0x0000000088100000, 0x0000000088100000| Untracked 
|  96|0x0000000088200000, 0x0000000088200000, 0x0000000088300000|  0%| F|  |TAMS 0x0000000088200000, 0x0000000088200000| Untracked 
|  97|0x0000000088300000, 0x0000000088300000, 0x0000000088400000|  0%| F|  |TAMS 0x0000000088300000, 0x0000000088300000| Untracked 
|  98|0x0000000088400000, 0x0000000088400000, 0x0000000088500000|  0%| F|  |TAMS 0x0000000088400000, 0x0000000088400000| Untracked 
|  99|0x0000000088500000, 0x0000000088500000, 0x0000000088600000|  0%| F|  |TAMS 0x0000000088500000, 0x0000000088500000| Untracked 
| 100|0x0000000088600000, 0x0000000088600000, 0x0000000088700000|  0%| F|  |TAMS 0x0000000088600000, 0x0000000088600000| Untracked 
| 101|0x0000000088700000, 0x0000000088700000, 0x0000000088800000|  0%| F|  |TAMS 0x0000000088700000, 0x0000000088700000| Untracked 
| 102|0x0000000088800000, 0x0000000088800000, 0x0000000088900000|  0%| F|  |TAMS 0x0000000088800000, 0x0000000088800000| Untracked 
| 103|0x0000000088900000, 0x0000000088900000, 0x0000000088a00000|  0%| F|  |TAMS 0x0000000088900000, 0x0000000088900000| Untracked 
| 104|0x0000000088a00000, 0x0000000088a00000, 0x0000000088b00000|  0%| F|  |TAMS 0x0000000088a00000, 0x0000000088a00000| Untracked 
| 105|0x0000000088b00000, 0x0000000088b00000, 0x0000000088c00000|  0%| F|  |TAMS 0x0000000088b00000, 0x0000000088b00000| Untracked 
| 106|0x0000000088c00000, 0x0000000088c00000, 0x0000000088d00000|  0%| F|  |TAMS 0x0000000088c00000, 0x0000000088c00000| Untracked 
| 107|0x0000000088d00000, 0x0000000088d00000, 0x0000000088e00000|  0%| F|  |TAMS 0x0000000088d00000, 0x0000000088d00000| Untracked 
| 108|0x0000000088e00000, 0x0000000088e00000, 0x0000000088f00000|  0%| F|  |TAMS 0x0000000088e00000, 0x0000000088e00000| Untracked 
| 109|0x0000000088f00000, 0x0000000088f00000, 0x0000000089000000|  0%| F|  |TAMS 0x0000000088f00000, 0x0000000088f00000| Untracked 
| 110|0x0000000089000000, 0x0000000089000000, 0x0000000089100000|  0%| F|  |TAMS 0x0000000089000000, 0x0000000089000000| Untracked 
| 111|0x0000000089100000, 0x0000000089100000, 0x0000000089200000|  0%| F|  |TAMS 0x0000000089100000, 0x0000000089100000| Untracked 
| 112|0x0000000089200000, 0x0000000089200000, 0x0000000089300000|  0%| F|  |TAMS 0x0000000089200000, 0x0000000089200000| Untracked 
| 113|0x0000000089300000, 0x0000000089300000, 0x0000000089400000|  0%| F|  |TAMS 0x0000000089300000, 0x0000000089300000| Untracked 
| 114|0x0000000089400000, 0x00000000894f65c8, 0x0000000089500000| 96%| E|  |TAMS 0x0000000089400000, 0x0000000089400000| Complete 
| 115|0x0000000089500000, 0x0000000089600000, 0x0000000089600000|100%| E|CS|TAMS 0x0000000089500000, 0x0000000089500000| Complete 
| 116|0x0000000089600000, 0x0000000089700000, 0x0000000089700000|100%| E|CS|TAMS 0x0000000089600000, 0x0000000089600000| Complete 
| 117|0x0000000089700000, 0x0000000089800000, 0x0000000089800000|100%| E|CS|TAMS 0x0000000089700000, 0x0000000089700000| Complete 
| 118|0x0000000089800000, 0x0000000089900000, 0x0000000089900000|100%| E|CS|TAMS 0x0000000089800000, 0x0000000089800000| Complete 
| 119|0x0000000089900000, 0x0000000089a00000, 0x0000000089a00000|100%| E|CS|TAMS 0x0000000089900000, 0x0000000089900000| Complete 
| 120|0x0000000089a00000, 0x0000000089b00000, 0x0000000089b00000|100%| E|CS|TAMS 0x0000000089a00000, 0x0000000089a00000| Complete 
| 121|0x0000000089b00000, 0x0000000089c00000, 0x0000000089c00000|100%| E|CS|TAMS 0x0000000089b00000, 0x0000000089b00000| Complete 
| 122|0x0000000089c00000, 0x0000000089d00000, 0x0000000089d00000|100%| E|CS|TAMS 0x0000000089c00000, 0x0000000089c00000| Complete 
| 123|0x0000000089d00000, 0x0000000089e00000, 0x0000000089e00000|100%| E|CS|TAMS 0x0000000089d00000, 0x0000000089d00000| Complete 
| 124|0x0000000089e00000, 0x0000000089f00000, 0x0000000089f00000|100%| E|CS|TAMS 0x0000000089e00000, 0x0000000089e00000| Complete 
| 125|0x0000000089f00000, 0x000000008a000000, 0x000000008a000000|100%| E|CS|TAMS 0x0000000089f00000, 0x0000000089f00000| Complete 

Card table byte_map: [0x000001aa30750000,0x000001aa30b40000] _byte_map_base: 0x000001aa3033f000

Marking Bits (Prev, Next): (CMBitMap*) 0x000001aa18c69a58, (CMBitMap*) 0x000001aa18c69a90
 Prev Bits: [0x000001aa30f30000, 0x000001aa32ea8000)
 Next Bits: [0x000001aa32eb0000, 0x000001aa34e28000)

Polling page: 0x000001aa16a50000

Metaspace:

Usage:
  Non-class:     13.10 MB capacity,    12.90 MB ( 99%) used,   151.77 KB (  1%) free+waste,    46.00 KB ( <1%) overhead. 
      Class:      1.77 MB capacity,     1.57 MB ( 89%) used,   181.62 KB ( 10%) free+waste,    25.19 KB (  1%) overhead. 
       Both:     14.87 MB capacity,    14.47 MB ( 97%) used,   333.38 KB (  2%) free+waste,    71.19 KB ( <1%) overhead. 

Virtual space:
  Non-class space:       14.00 MB reserved,      13.25 MB ( 95%) committed 
      Class space:        1.00 GB reserved,       1.88 MB ( <1%) committed 
             Both:        1.01 GB reserved,      15.13 MB (  1%) committed 

Chunk freelists:
   Non-Class:  3.63 KB
       Class:  1.25 KB
        Both:  4.88 KB

CodeHeap 'non-profiled nmethods': size=120000Kb used=359Kb max_used=359Kb free=119640Kb
 bounds [0x000001aa28b00000, 0x000001aa28d70000, 0x000001aa30030000]
CodeHeap 'profiled nmethods': size=120000Kb used=1844Kb max_used=1844Kb free=118155Kb
 bounds [0x000001aa215d0000, 0x000001aa21840000, 0x000001aa28b00000]
CodeHeap 'non-nmethods': size=5760Kb used=1215Kb max_used=1234Kb free=4544Kb
 bounds [0x000001aa21030000, 0x000001aa212a0000, 0x000001aa215d0000]
 total_blobs=1687 nmethods=1102 adapters=497
 compilation: enabled
              stopped_count=0, restarted_count=0
 full_count=0

Compilation events (10 events):
Event: 3.665 Thread 0x000001aa378a7800 nmethod 1091 0x000001aa21799490 code [0x000001aa21799720, 0x000001aa2179a210]
Event: 3.665 Thread 0x000001aa378a7800 1093       3       java.awt.EventQueue::cacheEQItem (60 bytes)
Event: 3.666 Thread 0x000001aa378a7800 nmethod 1093 0x000001aa2179a890 code [0x000001aa2179aa80, 0x000001aa2179b270]
Event: 4.453 Thread 0x000001aa378a7800 1095       1       sun.awt.WeakIdentityHashMap$WeakKey::hashCode (5 bytes)
Event: 4.453 Thread 0x000001aa378a7800 nmethod 1095 0x000001aa28b59710 code [0x000001aa28b598a0, 0x000001aa28b599b8]
Event: 396.194 Thread 0x000001aa378a7800 1096       3       java.lang.invoke.MethodHandleNatives::findMethodHandleType (7 bytes)
Event: 396.195 Thread 0x000001aa378a7800 nmethod 1096 0x000001aa2179b490 code [0x000001aa2179b640, 0x000001aa2179b7b0]
Event: 396.912 Thread 0x000001aa378a5000 1098       4       java.util.Arrays::binarySearch0 (95 bytes)
Event: 396.914 Thread 0x000001aa378a7800 1099       1       java.awt.Component::getObjectLock (5 bytes)
Event: 396.914 Thread 0x000001aa378a7800 nmethod 1099 0x000001aa28b59c10 code [0x000001aa28b59da0, 0x000001aa28b59eb8]

GC Heap History (0 events):
No events

Deoptimization events (10 events):
Event: 0.259 Thread 0x000001aa18c2a000 Uncommon trap: reason=unstable_if action=reinterpret pc=0x000001aa28b044fc method=java.lang.String.hashCode()I @ 14 c2
Event: 0.427 Thread 0x000001aa18c2a000 Uncommon trap: reason=range_check action=reinterpret pc=0x000001aa28b16864 method=java.lang.StringLatin1.indexOf([BII)I @ 13 c2
Event: 0.937 Thread 0x000001aa387cf800 Uncommon trap: reason=bimorphic_or_optimized_type_check action=maybe_recompile pc=0x000001aa28b370c0 method=java.util.concurrent.ConcurrentHashMap.get(Ljava/lang/Object;)Ljava/lang/Object; @ 149 c2
Event: 0.941 Thread 0x000001aa387cf800 Uncommon trap: reason=bimorphic_or_optimized_type_check action=maybe_recompile pc=0x000001aa28b370c0 method=java.util.concurrent.ConcurrentHashMap.get(Ljava/lang/Object;)Ljava/lang/Object; @ 149 c2
Event: 0.941 Thread 0x000001aa387cf800 Uncommon trap: reason=bimorphic_or_optimized_type_check action=maybe_recompile pc=0x000001aa28b370c0 method=java.util.concurrent.ConcurrentHashMap.get(Ljava/lang/Object;)Ljava/lang/Object; @ 149 c2
Event: 0.952 Thread 0x000001aa387cf800 Uncommon trap: reason=bimorphic_or_optimized_type_check action=maybe_recompile pc=0x000001aa28b370c0 method=java.util.concurrent.ConcurrentHashMap.get(Ljava/lang/Object;)Ljava/lang/Object; @ 149 c2
Event: 1.019 Thread 0x000001aa18c2a000 Uncommon trap: reason=class_check action=maybe_recompile pc=0x000001aa28b15de8 method=java.lang.String.equals(Ljava/lang/Object;)Z @ 8 c2
Event: 1.020 Thread 0x000001aa18c2a000 Uncommon trap: reason=class_check action=maybe_recompile pc=0x000001aa28b15de8 method=java.lang.String.equals(Ljava/lang/Object;)Z @ 8 c2
Event: 1.021 Thread 0x000001aa18c2a000 Uncommon trap: reason=class_check action=maybe_recompile pc=0x000001aa28b15de8 method=java.lang.String.equals(Ljava/lang/Object;)Z @ 8 c2
Event: 1.023 Thread 0x000001aa18c2a000 Uncommon trap: reason=class_check action=maybe_recompile pc=0x000001aa28b15de8 method=java.lang.String.equals(Ljava/lang/Object;)Z @ 8 c2

Classes redefined (0 events):
No events

Internal exceptions (10 events):
Event: 0.816 Thread 0x000001aa18c2a000 Exception <a 'java/lang/NoSuchMethodError'{0x0000000089721000}: java.lang.invoke.DirectMethodHandle$Holder.invokeStatic(Ljava/lang/Object;Ljava/lang/Object;Ljava/lang/Object;Ljava/lang/Object;Ljava/lang/Object;Ljava/lang/Object;Ljava/lang/Object;Ljava/lan
Event: 0.817 Thread 0x000001aa18c2a000 Exception <a 'java/lang/NoSuchMethodError'{0x000000008973f200}: java.lang.invoke.DirectMethodHandle$Holder.invokeStatic(Ljava/lang/Object;Ljava/lang/Object;Ljava/lang/Object;Ljava/lang/Object;Ljava/lang/Object;Ljava/lang/Object;Ljava/lang/Object;Ljava/lan
Event: 0.819 Thread 0x000001aa18c2a000 Exception <a 'java/lang/NoSuchMethodError'{0x000000008975e190}: java.lang.invoke.DirectMethodHandle$Holder.invokeStatic(Ljava/lang/Object;Ljava/lang/Object;Ljava/lang/Object;Ljava/lang/Object;Ljava/lang/Object;Ljava/lang/Object;Ljava/lang/Object;Ljava/lan
Event: 0.820 Thread 0x000001aa18c2a000 Exception <a 'java/lang/NoSuchMethodError'{0x000000008976a140}: java.lang.invoke.Invokers$Holder.linkToTargetMethod(Ljava/lang/Object;ILjava/lang/Object;)Ljava/lang/Object;> (0x000000008976a140) thrown at [./open/src/hotspot/share/interpreter/linkResolver
Event: 0.972 Thread 0x000001aa18c2a000 Exception <a 'java/lang/NoSuchMethodError'{0x0000000089605a70}: java.lang.invoke.DirectMethodHandle$Holder.invokeStatic(Ljava/lang/Object;Ljava/lang/Object;Ljava/lang/Object;Ljava/lang/Object;Ljava/lang/Object;Ljava/lang/Object;Ljava/lang/Object;Ljava/lan
Event: 1.001 Thread 0x000001aa18c2a000 Exception <a 'java/lang/NoSuchMethodError'{0x0000000089533f70}: java.lang.invoke.DirectMethodHandle$Holder.invokeSpecial(Ljava/lang/Object;Ljava/lang/Object;IILjava/lang/Object;Ljava/lang/Object;Ljava/lang/Object;Ljava/lang/Object;)Ljava/lang/Object;> (0x
Event: 1.002 Thread 0x000001aa18c2a000 Exception <a 'java/lang/NoSuchMethodError'{0x00000000895376a8}: java.lang.invoke.DelegatingMethodHandle$Holder.reinvoke_L(Ljava/lang/Object;IILjava/lang/Object;Ljava/lang/Object;Ljava/lang/Object;Ljava/lang/Object;)Ljava/lang/Object;> (0x00000000895376a8)
Event: 1.006 Thread 0x000001aa18c2a000 Exception <a 'java/lang/NoSuchMethodError'{0x000000008956ba38}: java.lang.invoke.DirectMethodHandle$Holder.invokeStatic(Ljava/lang/Object;Ljava/lang/Object;Ljava/lang/Object;Ljava/lang/Object;Ljava/lang/Object;Ljava/lang/Object;Ljava/lang/Object;Ljava/lan
Event: 1.008 Thread 0x000001aa18c2a000 Exception <a 'java/lang/NoSuchMethodError'{0x00000000895885a0}: java.lang.invoke.DirectMethodHandle$Holder.invokeStatic(Ljava/lang/Object;Ljava/lang/Object;Ljava/lang/Object;Ljava/lang/Object;Ljava/lang/Object;Ljava/lang/Object;Ljava/lang/Object;Ljava/lan
Event: 396.740 Thread 0x000001aa387cf800 Exception <a 'java/lang/NoSuchMethodError'{0x00000000899c95e8}: java.lang.invoke.DirectMethodHandle$Holder.invokeVirtual(Ljava/lang/Object;Ljava/lang/Object;)V> (0x00000000899c95e8) thrown at [./open/src/hotspot/share/interpreter/linkResolver.cpp, line 77

Events (10 events):
Event: 396.742 Executing VM operation: RevokeBias done
Event: 396.753 Executing VM operation: RevokeBias
Event: 396.754 Executing VM operation: RevokeBias done
Event: 396.767 loading class javax/swing/RepaintManager$DisplayChangedRunnable
Event: 396.768 loading class javax/swing/RepaintManager$DisplayChangedRunnable done
Event: 396.912 Executing VM operation: RevokeBias
Event: 396.913 Executing VM operation: RevokeBias done
Event: 396.925 Executing VM operation: RevokeBias
Event: 396.931 Executing VM operation: RevokeBias done
Event: 396.933 Executing VM operation: RevokeBias


Dynamic libraries:
0x00007ff61a5c0000 - 0x00007ff61a5cf000 	C:\Program Files\Java\jdk-11.0.8\bin\javaw.exe
0x00007ffc8b1a0000 - 0x00007ffc8b390000 	C:\Windows\SYSTEM32\ntdll.dll
0x00007ffc56580000 - 0x00007ffc56592000 	C:\Program Files\AVAST Software\Avast\aswhook.dll
0x00007ffc89250000 - 0x00007ffc89302000 	C:\Windows\System32\KERNEL32.DLL
0x00007ffc882d0000 - 0x00007ffc88575000 	C:\Windows\System32\KERNELBASE.dll
0x00007ffc889d0000 - 0x00007ffc88aca000 	C:\Windows\System32\ucrtbase.dll
0x00007ffc55b90000 - 0x00007ffc55ba8000 	C:\Program Files\Java\jdk-11.0.8\bin\jli.dll
0x00007ffc89e00000 - 0x00007ffc89ea3000 	C:\Windows\System32\ADVAPI32.dll
0x00007ffc89f40000 - 0x00007ffc89fde000 	C:\Windows\System32\msvcrt.dll
0x00007ffc89d50000 - 0x00007ffc89de7000 	C:\Windows\System32\sechost.dll
0x00007ffc89310000 - 0x00007ffc89430000 	C:\Windows\System32\RPCRT4.dll
0x00007ffc89bb0000 - 0x00007ffc89d45000 	C:\Windows\System32\USER32.dll
0x00007ffc889a0000 - 0x00007ffc889c1000 	C:\Windows\System32\win32u.dll
0x00007ffc89b80000 - 0x00007ffc89ba6000 	C:\Windows\System32\GDI32.dll
0x00007ffc88130000 - 0x00007ffc882c6000 	C:\Windows\System32\gdi32full.dll
0x00007ffc88900000 - 0x00007ffc8899e000 	C:\Windows\System32\msvcp_win.dll
0x00007ffc4deb0000 - 0x00007ffc4dec5000 	C:\Program Files\Java\jdk-11.0.8\bin\VCRUNTIME140.dll
0x00007ffc71fd0000 - 0x00007ffc72254000 	C:\Windows\WinSxS\amd64_microsoft.windows.common-controls_6595b64144ccf1df_6.0.18362.1082_none_9e8193e1e45b25c1\COMCTL32.dll
0x00007ffc8a0e0000 - 0x00007ffc8a415000 	C:\Windows\System32\combase.dll
0x00007ffc88580000 - 0x00007ffc88600000 	C:\Windows\System32\bcryptPrimitives.dll
0x00007ffc7e040000 - 0x00007ffc7e04a000 	C:\Windows\SYSTEM32\VERSION.dll
0x00007ffc8ac80000 - 0x00007ffc8acae000 	C:\Windows\System32\IMM32.DLL
0x00007ffc04670000 - 0x00007ffc0470b000 	C:\Program Files\Java\jdk-11.0.8\bin\msvcp140.dll
0x00007ffc01b80000 - 0x00007ffc02666000 	C:\Program Files\Java\jdk-11.0.8\bin\server\jvm.dll
0x00007ffc89fe0000 - 0x00007ffc89fe8000 	C:\Windows\System32\PSAPI.DLL
0x00007ffc70ed0000 - 0x00007ffc70ed9000 	C:\Windows\SYSTEM32\WSOCK32.dll
0x00007ffc8ac10000 - 0x00007ffc8ac7f000 	C:\Windows\System32\WS2_32.dll
0x00007ffc80f80000 - 0x00007ffc80fa4000 	C:\Windows\SYSTEM32\WINMM.dll
0x00007ffc80ec0000 - 0x00007ffc80eed000 	C:\Windows\SYSTEM32\WINMMBASE.dll
0x00007ffc88750000 - 0x00007ffc8879a000 	C:\Windows\System32\cfgmgr32.dll
0x00007ffc88070000 - 0x00007ffc88081000 	C:\Windows\System32\kernel.appcore.dll
0x00007ffc56010000 - 0x00007ffc56020000 	C:\Program Files\Java\jdk-11.0.8\bin\verify.dll
0x00007ffc830e0000 - 0x00007ffc832d4000 	C:\Windows\SYSTEM32\DBGHELP.DLL
0x00007ffc7c550000 - 0x00007ffc7c57a000 	C:\Windows\SYSTEM32\dbgcore.DLL
0x00007ffc3c1a0000 - 0x00007ffc3c1c8000 	C:\Program Files\Java\jdk-11.0.8\bin\java.dll
0x00007ffc55b80000 - 0x00007ffc55b8a000 	C:\Program Files\Java\jdk-11.0.8\bin\jimage.dll
0x00007ffc4de90000 - 0x00007ffc4dea6000 	C:\Program Files\Java\jdk-11.0.8\bin\zip.dll
0x00007ffc89490000 - 0x00007ffc89b77000 	C:\Windows\System32\SHELL32.dll
0x00007ffc8b0b0000 - 0x00007ffc8b159000 	C:\Windows\System32\shcore.dll
0x00007ffc88ad0000 - 0x00007ffc89250000 	C:\Windows\System32\windows.storage.dll
0x00007ffc880b0000 - 0x00007ffc880d3000 	C:\Windows\System32\profapi.dll
0x00007ffc880e0000 - 0x00007ffc8812a000 	C:\Windows\System32\powrprof.dll
0x00007ffc88060000 - 0x00007ffc88070000 	C:\Windows\System32\UMPDC.dll
0x00007ffc8ae70000 - 0x00007ffc8aec2000 	C:\Windows\System32\shlwapi.dll
0x00007ffc888e0000 - 0x00007ffc888f7000 	C:\Windows\System32\cryptsp.dll
0x00007ffc6cb50000 - 0x00007ffc6ccea000 	C:\Program Files\Java\jdk-11.0.8\bin\awt.dll
0x00007ffc8a010000 - 0x00007ffc8a0d5000 	C:\Windows\System32\OLEAUT32.dll
0x00007ffc825c0000 - 0x00007ffc8264f000 	C:\Windows\SYSTEM32\apphelp.dll
0x00007ffc867e0000 - 0x00007ffc8680d000 	C:\Windows\system32\DWMAPI.DLL
0x00007ffc82900000 - 0x00007ffc82999000 	C:\Windows\system32\uxtheme.dll
0x00007ffc69940000 - 0x00007ffc69a96000 	C:\Windows\system32\opengl32.dll
0x00007ffc69910000 - 0x00007ffc6993c000 	C:\Windows\SYSTEM32\GLU32.dll
0x00007ffc86cb0000 - 0x00007ffc86cd0000 	C:\Windows\SYSTEM32\dxcore.dll
0x00007ffc8acb0000 - 0x00007ffc8ade5000 	C:\Windows\System32\MSCTF.dll
0x00007ffc8a420000 - 0x00007ffc8a577000 	C:\Windows\System32\ole32.dll
0x00007ffc64f00000 - 0x00007ffc64f82000 	C:\Program Files\Java\jdk-11.0.8\bin\freetype.dll
0x00007ffc63b50000 - 0x00007ffc63bf6000 	C:\Program Files\Java\jdk-11.0.8\bin\fontmanager.dll
0x00007ffc7b3c0000 - 0x00007ffc7b45e000 	C:\Windows\System32\TextInputFramework.dll
0x00007ffc7f1d0000 - 0x00007ffc7f4fa000 	C:\Windows\System32\CoreUIComponents.dll
0x00007ffc82020000 - 0x00007ffc820f4000 	C:\Windows\System32\CoreMessaging.dll
0x00007ffc870a0000 - 0x00007ffc870d1000 	C:\Windows\SYSTEM32\ntmarta.dll
0x00007ffc7fff0000 - 0x00007ffc80143000 	C:\Windows\SYSTEM32\wintypes.dll
0x00007ffc69790000 - 0x00007ffc697f5000 	C:\Windows\system32\Oleacc.dll
0x00007ffc780d0000 - 0x00007ffc78376000 	C:\Windows\System32\iertutil.dll
0x00007ffc34a70000 - 0x00007ffc34a89000 	C:\Program Files\Java\jdk-11.0.8\bin\net.dll
0x00007ffc72410000 - 0x00007ffc72500000 	C:\Windows\SYSTEM32\WINHTTP.dll
0x00007ffc878b0000 - 0x00007ffc87917000 	C:\Windows\system32\mswsock.dll
0x00007ffc34a10000 - 0x00007ffc34a22000 	C:\Program Files\Java\jdk-11.0.8\bin\nio.dll

dbghelp: loaded successfully - version: 4.0.5 - missing functions: none
symbol engine: initialized successfully - sym options: 0x614 - pdb path: .;C:\Program Files\Java\jdk-11.0.8\bin;C:\Windows\SYSTEM32;C:\Program Files\AVAST Software\Avast;C:\Windows\WinSxS\amd64_microsoft.windows.common-controls_6595b64144ccf1df_6.0.18362.1082_none_9e8193e1e45b25c1;C:\Program Files\Java\jdk-11.0.8\bin\server

VM Arguments:
jvm_args: -Dfile.encoding=Cp1252 
java_command: fenetre
java_class_path (initial): C:\Users\Admin\eclipse-workspace\brief_5-atelier1\bin
Launcher Type: SUN_STANDARD

[Global flags]
     intx CICompilerCount                          = 4                                         {product} {ergonomic}
     uint ConcGCThreads                            = 2                                         {product} {ergonomic}
     uint G1ConcRefinementThreads                  = 8                                         {product} {ergonomic}
   size_t G1HeapRegionSize                         = 1048576                                   {product} {ergonomic}
    uintx GCDrainStackTargetSize                   = 64                                        {product} {ergonomic}
   size_t InitialHeapSize                          = 132120576                                 {product} {ergonomic}
   size_t MarkStackSize                            = 4194304                                   {product} {ergonomic}
   size_t MaxHeapSize                              = 2111832064                                {product} {ergonomic}
   size_t MaxNewSize                               = 1266679808                                {product} {ergonomic}
   size_t MinHeapDeltaBytes                        = 1048576                                   {product} {ergonomic}
    uintx NonNMethodCodeHeapSize                   = 5836300                                {pd product} {ergonomic}
    uintx NonProfiledCodeHeapSize                  = 122910970                              {pd product} {ergonomic}
    uintx ProfiledCodeHeapSize                     = 122910970                              {pd product} {ergonomic}
    uintx ReservedCodeCacheSize                    = 251658240                              {pd product} {ergonomic}
     bool SegmentedCodeCache                       = true                                      {product} {ergonomic}
     bool UseCompressedClassPointers               = true                                 {lp64_product} {ergonomic}
     bool UseCompressedOops                        = true                                 {lp64_product} {ergonomic}
     bool UseG1GC                                  = true                                      {product} {ergonomic}
     bool UseLargePagesIndividualAllocation        = false                                  {pd product} {ergonomic}

Logging:
Log output configuration:
 #0: stdout all=warning uptime,level,tags
 #1: stderr all=off uptime,level,tags

Environment Variables:
PATH=C:\Program Files\Common Files\Oracle\Java\javapath;C:\Program Files (x86)\Common Files\Oracle\Java\javapath;C:\Windows\system32;C:\Windows;C:\Windows\System32\Wbem;C:\Windows\System32\WindowsPowerShell\v1.0\;C:\Windows\System32\OpenSSH\;C:\Program Files (x86)\Intel\Intel(R) Management Engine Components\DAL;C:\Program Files\Intel\Intel(R) Management Engine Components\DAL;C:\Program Files\Git\cmd;C:\Program Files\Intel\WiFi\bin\;C:\Program Files\Common Files\Intel\WirelessCommon\;C:\Program Files (x86)\Calibre2\;C:\Program Files\nodejs\;C:\Program Files\Git LFS;C:\xampp\php;C:\ProgramData\ComposerSetup\bin;C:\Program Files\Common Files\Oracle\Java\javapath;C:\Program Files (x86)\Common Files\Oracle\Java\javapath;C:\Windows\system32;C:\Windows;C:\Windows\System32\Wbem;C:\Windows\System32\WindowsPowerShell\v1.0\;C:\Windows\System32\OpenSSH\;C:\Program Files (x86)\Intel\Intel(R) Management Engine Components\DAL;C:\Program Files\Intel\Intel(R) Management Engine Components\DAL;C:\Program Files\Git\cmd;C:\Program Files\Intel\WiFi\bin\;C:\Program Files\Common Files\Intel\WirelessCommon\;C:\Program Files (x86)\Calibre2\;C:\Program Files\nodejs\;C:\Program Files\Git LFS;C:\xampp\php;C:\ProgramData\ComposerSetup\bin;C:\Users\Admin\AppData\Local\Microsoft\WindowsApps;C:\Users\Admin\AppData\Local\Turbo\Cmd\;C:\Users\Admin\AppData\Local\Programs\Microsoft VS Code\bin;C:\Users\Admin\AppData\Roaming\npm;C:\Users\Admin\AppData\Roaming\Composer\vendor\bin
USERNAME=Admin
OS=Windows_NT
PROCESSOR_IDENTIFIER=Intel64 Family 6 Model 142 Stepping 10, GenuineIntel



---------------  S Y S T E M  ---------------

OS: Windows 10 , 64 bit Build 18362 (10.0.18362.1082)

CPU:total 8 (initial active 8) (4 cores per cpu, 2 threads per core) family 6 model 142 stepping 10, cmov, cx8, fxsr, mmx, sse, sse2, sse3, ssse3, sse4.1, sse4.2, popcnt, avx, avx2, aes, clmul, erms, rtm, 3dnowpref, lzcnt, ht, tsc, tscinvbit, bmi1, bmi2, adx, fma

Memory: 4k page, system-wide physical 8051M (377M free)
TotalPageFile size 32627M (AvailPageFile size 257M)
current process WorkingSet (physical memory assigned to process): 64M, peak: 72M
current process commit charge ("private bytes"): 218M, peak: 227M

vm_info: Java HotSpot(TM) 64-Bit Server VM (11.0.8+10-LTS) for windows-amd64 JRE (11.0.8+10-LTS), built on Jun 16 2020 05:53:08 by "mach5one" with unknown MS VC++:1916

END.
